71 24 95 
85 50 74 
92 96 23 
3
0: 0 1 2 4 5 
1: 0 4 
2: 0 
4: 0 1 
5: 0 
0 71 24 0 95 166 0 0 
166 180 50 0 145 159 0 0 
180 258 262 0 203 281 0 0 
71 24 95 56 54 
85 50 74 94 28 
92 96 23 71 10 
23 61 31 30 46 
64 33 32 95 89 
5
0: 0 1 2 4 5 8 9 10 16 17 18 20 21 
1: 0 4 8 16 20 
2: 0 8 16 
4: 0 1 16 17 
5: 0 16 
8: 0 1 2 
9: 0 
10: 0 
16: 0 1 2 4 5 
17: 0 4 
18: 0 
20: 0 1 
21: 0 
0 71 24 0 95 166 0 0 56 127 80 0 0 0 0 0 54 125 78 0 149 220 0 0 0 0 0 0 0 0 0 0 
220 234 106 0 199 213 0 0 165 179 144 0 0 0 0 0 194 208 78 0 173 187 0 0 0 0 0 0 0 0 0 0 
234 312 316 0 257 335 0 0 305 383 387 0 0 0 0 0 244 322 326 0 267 345 0 0 0 0 0 0 0 0 0 0 
387 328 366 0 353 298 0 0 346 287 325 0 0 0 0 0 381 326 341 0 389 334 0 0 0 0 0 0 0 0 0 0 
389 453 420 0 419 483 0 0 482 546 515 0 0 0 0 0 476 540 509 0 508 572 0 0 0 0 0 0 0 0 0 0 
78 78 11 55 20 11 
98 54 81 43 39 97 
12 15 79 99 58 10 
13 79 83 65 34 17 
85 59 61 12 58 97 
40 63 97 85 66 90 
6
0: 0 1 2 4 5 8 9 10 16 17 18 20 21 32 33 34 36 37 40 41 42 
1: 0 4 8 16 20 32 36 40 
2: 0 8 16 32 40 
4: 0 1 16 17 32 33 
5: 0 16 32 
8: 0 1 2 32 33 34 
9: 0 32 
10: 0 32 
16: 0 1 2 4 5 
17: 0 4 
18: 0 
20: 0 1 
21: 0 
32: 0 1 2 4 5 8 9 10 
33: 0 4 8 
34: 0 8 
36: 0 1 
37: 0 
40: 0 1 2 
41: 0 
42: 0 
0 78 78 0 11 89 0 0 55 133 133 0 0 0 0 0 20 98 98 0 31 109 0 0 0 0 0 0 0 0 0 0 11 89 89 0 22 100 0 0 66 144 144 0 0 0 0 0 0 0 0 0 0 0 0 0 0 0 0 0 0 0 0 0 
220 234 120 0 199 213 0 0 165 179 144 0 0 0 0 0 194 208 93 0 198 218 0 0 0 0 0 0 0 0 0 0 230 250 206 0 256 276 0 0 218 238 194 0 0 0 0 0 0 0 0 0 0 0 0 0 0 0 0 0 0 0 0 0 
276 312 316 0 329 335 0 0 349 383 387 0 0 0 0 0 292 322 326 0 371 369 0 0 0 0 0 0 0 0 0 0 244 242 245 0 323 321 0 0 343 341 344 0 0 0 0 0 0 0 0 0 0 0 0 0 0 0 0 0 0 0 0 0 
387 384 428 0 405 388 0 0 381 354 420 0 0 0 0 0 381 376 389 0 429 406 0 0 0 0 0 0 0 0 0 0 404 379 445 0 412 389 0 0 398 371 437 0 0 0 0 0 0 0 0 0 0 0 0 0 0 0 0 0 0 0 0 0 
445 514 463 0 465 550 0 0 482 546 515 0 0 0 0 0 486 548 509 0 508 591 0 0 0 0 0 0 0 0 0 0 525 587 543 0 545 630 0 0 537 581 555 0 0 0 0 0 0 0 0 0 0 0 0 0 0 0 0 0 0 0 0 0 
630 585 600 0 684 662 0 0 672 650 673 0 0 0 0 0 616 571 574 0 677 648 0 0 0 0 0 0 0 0 0 0 640 612 635 0 701 672 0 0 689 660 683 0 0 0 0 0 0 0 0 0 0 0 0 0 0 0 0 0 0 0 0 0 
