78 78 11 55 20 11 
98 54 81 43 39 97 
12 15 79 99 58 10 
13 79 83 65 34 17 
85 59 61 12 58 97 
40 63 97 85 66 90 
6
0: 0 1 2 4 5 8 9 10 16 17 18 20 21 32 33 34 36 37 40 41 42 
1: 0 4 8 16 20 32 36 40 
2: 0 8 16 32 40 
4: 0 1 16 17 32 33 
5: 0 16 32 
8: 0 1 2 32 33 34 
9: 0 32 
10: 0 32 
16: 0 1 2 4 5 
17: 0 4 
18: 0 
20: 0 1 
21: 0 
32: 0 1 2 4 5 8 9 10 
33: 0 4 8 
34: 0 8 
36: 0 1 
37: 0 
40: 0 1 2 
41: 0 
42: 0 
0 78 78 0 11 89 0 0 55 133 133 0 0 0 0 0 20 98 98 0 31 109 0 0 0 0 0 0 0 0 0 0 11 89 89 0 22 100 0 0 66 144 144 0 0 0 0 0 0 0 0 0 0 0 0 0 0 0 0 0 0 0 0 0 
144 164 120 0 179 199 0 0 132 152 108 0 0 0 0 0 128 148 93 0 198 218 0 0 0 0 0 0 0 0 0 0 230 250 206 0 256 276 0 0 218 238 194 0 0 0 0 0 0 0 0 0 0 0 0 0 0 0 0 0 0 0 0 0 
276 268 245 0 329 321 0 0 349 341 344 0 0 0 0 0 257 249 217 0 301 293 0 0 0 0 0 0 0 0 0 0 209 201 169 0 253 245 0 0 273 265 268 0 0 0 0 0 0 0 0 0 0 0 0 0 0 0 0 0 0 0 0 0 
349 362 428 0 359 372 0 0 341 354 420 0 0 0 0 0 363 376 389 0 393 406 0 0 0 0 0 0 0 0 0 0 366 379 445 0 376 389 0 0 358 371 437 0 0 0 0 0 0 0 0 0 0 0 0 0 0 0 0 0 0 0 0 0 
445 478 425 0 440 512 0 0 457 463 437 0 0 0 0 0 486 502 466 0 481 553 0 0 0 0 0 0 0 0 0 0 525 541 505 0 520 592 0 0 537 543 517 0 0 0 0 0 0 0 0 0 0 0 0 0 0 0 0 0 0 0 0 0 
592 577 600 0 638 662 0 0 626 650 673 0 0 0 0 0 578 551 574 0 641 648 0 0 0 0 0 0 0 0 0 0 602 587 610 0 665 672 0 0 653 660 683 0 0 0 0 0 0 0 0 0 0 0 0 0 0 0 0 0 0 0 0 0 
